[2024-07-18 11:52:57Z INFO HostContext] No proxy settings were found based on environmental variables (http_proxy/https_proxy/HTTP_PROXY/HTTPS_PROXY)
[2024-07-18 11:52:57Z INFO HostContext] Well known directory 'Bin': '/Users/upleveled/projects/ubuntu-linux-github-actions/actions-runner/bin'
[2024-07-18 11:52:57Z INFO HostContext] Well known directory 'Root': '/Users/upleveled/projects/ubuntu-linux-github-actions/actions-runner'
[2024-07-18 11:52:57Z INFO HostContext] Well known config file 'Credentials': '/Users/upleveled/projects/ubuntu-linux-github-actions/actions-runner/.credentials'
[2024-07-18 11:52:57Z INFO HostContext] Well known directory 'Bin': '/Users/upleveled/projects/ubuntu-linux-github-actions/actions-runner/bin'
[2024-07-18 11:52:57Z INFO HostContext] Well known directory 'Root': '/Users/upleveled/projects/ubuntu-linux-github-actions/actions-runner'
[2024-07-18 11:52:57Z INFO HostContext] Well known config file 'Runner': '/Users/upleveled/projects/ubuntu-linux-github-actions/actions-runner/.runner'
[2024-07-18 11:52:57Z INFO Listener] Runner is built for OSX (Arm64) - osx-arm64.
[2024-07-18 11:52:57Z INFO Listener] RuntimeInformation: Darwin 23.5.0 Darwin Kernel Version 23.5.0: Wed May  1 20:16:51 PDT 2024; root:xnu-10063.121.3~5/RELEASE_ARM64_T8103.
[2024-07-18 11:52:57Z INFO Listener] Version: 2.317.0
[2024-07-18 11:52:57Z INFO Listener] Commit: 6dc005ee3690a0303e0d7269b6f60295d22dcfad
[2024-07-18 11:52:57Z INFO Listener] Culture: en-US
[2024-07-18 11:52:57Z INFO Listener] UI Culture: en-US
[2024-07-18 11:52:57Z INFO HostContext] Well known directory 'Bin': '/Users/upleveled/projects/ubuntu-linux-github-actions/actions-runner/bin'
[2024-07-18 11:52:57Z INFO HostContext] Well known directory 'Root': '/Users/upleveled/projects/ubuntu-linux-github-actions/actions-runner'
[2024-07-18 11:52:57Z INFO Listener] Validating directory permissions for: '/Users/upleveled/projects/ubuntu-linux-github-actions/actions-runner'
[2024-07-18 11:52:57Z INFO CommandLineParser] Parse
[2024-07-18 11:52:57Z INFO CommandLineParser] Parsing 1 args
[2024-07-18 11:52:57Z INFO CommandLineParser] parsing argument
[2024-07-18 11:52:57Z INFO CommandLineParser] HasArgs: False
[2024-07-18 11:52:57Z INFO CommandLineParser] Adding Command: run
[2024-07-18 11:52:57Z INFO Listener] Arguments parsed
[2024-07-18 11:52:57Z INFO Runner] ExecuteCommand
[2024-07-18 11:52:57Z INFO ConfigurationStore] currentAssemblyLocation: /Users/upleveled/projects/ubuntu-linux-github-actions/actions-runner/bin/Runner.Listener.dll
[2024-07-18 11:52:57Z INFO HostContext] Well known directory 'Bin': '/Users/upleveled/projects/ubuntu-linux-github-actions/actions-runner/bin'
[2024-07-18 11:52:57Z INFO ConfigurationStore] binPath: /Users/upleveled/projects/ubuntu-linux-github-actions/actions-runner/bin
[2024-07-18 11:52:57Z INFO HostContext] Well known directory 'Bin': '/Users/upleveled/projects/ubuntu-linux-github-actions/actions-runner/bin'
[2024-07-18 11:52:57Z INFO HostContext] Well known directory 'Root': '/Users/upleveled/projects/ubuntu-linux-github-actions/actions-runner'
[2024-07-18 11:52:57Z INFO ConfigurationStore] RootFolder: /Users/upleveled/projects/ubuntu-linux-github-actions/actions-runner
[2024-07-18 11:52:57Z INFO HostContext] Well known directory 'Bin': '/Users/upleveled/projects/ubuntu-linux-github-actions/actions-runner/bin'
[2024-07-18 11:52:57Z INFO HostContext] Well known directory 'Root': '/Users/upleveled/projects/ubuntu-linux-github-actions/actions-runner'
[2024-07-18 11:52:57Z INFO HostContext] Well known config file 'Runner': '/Users/upleveled/projects/ubuntu-linux-github-actions/actions-runner/.runner'
[2024-07-18 11:52:57Z INFO ConfigurationStore] ConfigFilePath: /Users/upleveled/projects/ubuntu-linux-github-actions/actions-runner/.runner
[2024-07-18 11:52:57Z INFO HostContext] Well known directory 'Bin': '/Users/upleveled/projects/ubuntu-linux-github-actions/actions-runner/bin'
[2024-07-18 11:52:57Z INFO HostContext] Well known directory 'Root': '/Users/upleveled/projects/ubuntu-linux-github-actions/actions-runner'
[2024-07-18 11:52:57Z INFO HostContext] Well known config file 'Credentials': '/Users/upleveled/projects/ubuntu-linux-github-actions/actions-runner/.credentials'
[2024-07-18 11:52:57Z INFO ConfigurationStore] CredFilePath: /Users/upleveled/projects/ubuntu-linux-github-actions/actions-runner/.credentials
[2024-07-18 11:52:57Z INFO HostContext] Well known directory 'Bin': '/Users/upleveled/projects/ubuntu-linux-github-actions/actions-runner/bin'
[2024-07-18 11:52:57Z INFO HostContext] Well known directory 'Root': '/Users/upleveled/projects/ubuntu-linux-github-actions/actions-runner'
[2024-07-18 11:52:57Z INFO HostContext] Well known config file 'MigratedCredentials': '/Users/upleveled/projects/ubuntu-linux-github-actions/actions-runner/.credentials_migrated'
[2024-07-18 11:52:57Z INFO ConfigurationStore] MigratedCredFilePath: /Users/upleveled/projects/ubuntu-linux-github-actions/actions-runner/.credentials_migrated
[2024-07-18 11:52:57Z INFO HostContext] Well known directory 'Bin': '/Users/upleveled/projects/ubuntu-linux-github-actions/actions-runner/bin'
[2024-07-18 11:52:57Z INFO HostContext] Well known directory 'Root': '/Users/upleveled/projects/ubuntu-linux-github-actions/actions-runner'
[2024-07-18 11:52:57Z INFO HostContext] Well known config file 'Service': '/Users/upleveled/projects/ubuntu-linux-github-actions/actions-runner/.service'
[2024-07-18 11:52:57Z INFO ConfigurationStore] ServiceConfigFilePath: /Users/upleveled/projects/ubuntu-linux-github-actions/actions-runner/.service
[2024-07-18 11:52:57Z INFO CommandSettings] Flag 'help': 'False'
[2024-07-18 11:52:57Z INFO CommandSettings] Flag 'version': 'False'
[2024-07-18 11:52:57Z INFO CommandSettings] Flag 'commit': 'False'
[2024-07-18 11:52:57Z INFO CommandSettings] Flag 'check': 'False'
[2024-07-18 11:52:57Z INFO CommandSettings] Command 'configure': 'False'
[2024-07-18 11:52:57Z INFO CommandSettings] Command 'remove': 'False'
[2024-07-18 11:52:57Z INFO CommandSettings] Command 'warmup': 'False'
[2024-07-18 11:52:57Z INFO ConfigurationManager] LoadSettings
[2024-07-18 11:52:57Z INFO ConfigurationStore] IsConfigured()
[2024-07-18 11:52:57Z INFO ConfigurationStore] IsConfigured: True
[2024-07-18 11:52:57Z INFO ConfigurationManager] Is configured: True
[2024-07-18 11:52:57Z INFO ConfigurationStore] Read setting file: 317 chars
[2024-07-18 11:52:57Z INFO ConfigurationManager] Settings Loaded
[2024-07-18 11:52:57Z INFO ConfigurationStore] IsServiceConfigured()
[2024-07-18 11:52:57Z INFO ConfigurationStore] IsServiceConfigured: False
[2024-07-18 11:52:57Z INFO CommandSettings] Command 'run': 'True'
[2024-07-18 11:52:57Z INFO ConfigurationStore] IsConfigured()
[2024-07-18 11:52:57Z INFO ConfigurationStore] IsConfigured: True
[2024-07-18 11:52:57Z INFO ConfigurationManager] Is configured: True
[2024-07-18 11:52:57Z INFO Runner] Could not parse the argument value '' for StartupType. Defaulting to Manual
[2024-07-18 11:52:57Z INFO Runner] Set runner startup type - Manual
[2024-07-18 11:52:57Z INFO CommandSettings] Flag 'once': 'False'
[2024-07-18 11:52:57Z INFO CommandSettings] Flag 'once': 'False'
[2024-07-18 11:52:57Z INFO Runner] RunAsync
[2024-07-18 11:52:57Z INFO ConfigurationManager] LoadSettings
[2024-07-18 11:52:57Z INFO ConfigurationStore] IsConfigured()
[2024-07-18 11:52:57Z INFO ConfigurationStore] IsConfigured: True
[2024-07-18 11:52:57Z INFO ConfigurationManager] Is configured: True
[2024-07-18 11:52:57Z INFO ConfigurationManager] Settings Loaded
[2024-07-18 11:52:57Z INFO MessageListener] {
  "AgentId": 2,
  "AgentName": "Victors-Air",
  "PoolId": 1,
  "PoolName": "Default",
  "ServerUrl": "https://pipelinesghubeus11.actions.githubusercontent.com/gytf4YKzCCcYiPLR93WDNA1PtelAUNYTz6CZeFjAaZR1wxBFSQ/",
  "GitHubUrl": "https://github.com/Eprince-hub/ubuntu-linux-github-actions",
  "WorkFolder": "_work"
}
[2024-07-18 11:52:57Z INFO MessageListener] Loading Credentials
[2024-07-18 11:52:57Z INFO ConfigurationStore] HasCredentials()
[2024-07-18 11:52:57Z INFO ConfigurationStore] stored True
[2024-07-18 11:52:57Z INFO CredentialManager] GetCredentialProvider
[2024-07-18 11:52:57Z INFO CredentialManager] Creating type OAuth
[2024-07-18 11:52:57Z INFO CredentialManager] Creating credential type: OAuth
[2024-07-18 11:52:57Z INFO HostContext] Well known directory 'Bin': '/Users/upleveled/projects/ubuntu-linux-github-actions/actions-runner/bin'
[2024-07-18 11:52:57Z INFO HostContext] Well known directory 'Root': '/Users/upleveled/projects/ubuntu-linux-github-actions/actions-runner'
[2024-07-18 11:52:57Z INFO HostContext] Well known config file 'RSACredentials': '/Users/upleveled/projects/ubuntu-linux-github-actions/actions-runner/.credentials_rsaparams'
[2024-07-18 11:52:57Z INFO RSAFileKeyManager] Loading RSA key parameters from file /Users/upleveled/projects/ubuntu-linux-github-actions/actions-runner/.credentials_rsaparams
[2024-07-18 11:52:57Z INFO MessageListener] Attempt to create session.
[2024-07-18 11:52:57Z INFO MessageListener] Connecting to the Runner Server...
[2024-07-18 11:52:57Z INFO RunnerServer] EstablishVssConnection
[2024-07-18 11:52:57Z INFO RunnerServer] Establish connection with 100 seconds timeout.
[2024-07-18 11:52:57Z INFO GitHubActionsService] Starting operation Location.GetConnectionData
[2024-07-18 11:52:57Z INFO RunnerServer] EstablishVssConnection
[2024-07-18 11:52:57Z INFO RunnerServer] Establish connection with 60 seconds timeout.
[2024-07-18 11:52:57Z INFO GitHubActionsService] Starting operation Location.GetConnectionData
[2024-07-18 11:52:57Z INFO RunnerServer] EstablishVssConnection
[2024-07-18 11:52:57Z INFO RunnerServer] Establish connection with 60 seconds timeout.
[2024-07-18 11:52:57Z INFO GitHubActionsService] Starting operation Location.GetConnectionData
[2024-07-18 11:52:58Z INFO GitHubActionsService] Finished operation Location.GetConnectionData
[2024-07-18 11:52:58Z INFO GitHubActionsService] Finished operation Location.GetConnectionData
[2024-07-18 11:52:58Z INFO GitHubActionsService] Finished operation Location.GetConnectionData
[2024-07-18 11:52:58Z INFO MessageListener] VssConnection created
[2024-07-18 11:52:58Z INFO Terminal] WRITE LINE: 
[2024-07-18 11:52:58Z INFO Terminal] WRITE LINE: 
[2024-07-18 11:52:59Z INFO RSAFileKeyManager] Loading RSA key parameters from file /Users/upleveled/projects/ubuntu-linux-github-actions/actions-runner/.credentials_rsaparams
[2024-07-18 11:52:59Z INFO RSAFileKeyManager] Loading RSA key parameters from file /Users/upleveled/projects/ubuntu-linux-github-actions/actions-runner/.credentials_rsaparams
[2024-07-18 11:52:59Z INFO GitHubActionsService] AAD Correlation ID for this token request: Unknown
[2024-07-18 11:52:59Z INFO MessageListener] Session created.
[2024-07-18 11:52:59Z INFO Terminal] WRITE LINE: Current runner version: '2.317.0'
[2024-07-18 11:52:59Z INFO Terminal] WRITE LINE: 2024-07-18 11:52:59Z: Listening for Jobs
[2024-07-18 11:52:59Z INFO JobDispatcher] Set runner/worker IPC timeout to 30 seconds.
[2024-07-18 11:56:06Z INFO RSAFileKeyManager] Loading RSA key parameters from file /Users/upleveled/projects/ubuntu-linux-github-actions/actions-runner/.credentials_rsaparams
[2024-07-18 11:56:06Z INFO MessageListener] Message '1' received from session 'c990b3a0-03a3-413b-b4d3-d135782697c9'.
[2024-07-18 11:56:06Z INFO Runner] Received job message of length 24615 from service, with hash 'c02fe8bd7d84c348094167edd5098541c67f037ec0a30f7ef40cdd2576308b38'
[2024-07-18 11:56:06Z INFO JobDispatcher] Job request 1 for plan 55990d20-cfb6-4a31-a3d3-3cfc90aec421 job 96fdfcd3-7ef5-5e82-df4d-006ab21f14e7 received.
[2024-07-18 11:56:06Z INFO JobDispatcher] Pull OrchestrationId 55990d20-cfb6-4a31-a3d3-3cfc90aec421.update-conf.__default from JWT claims
[2024-07-18 11:56:06Z INFO MessageListener] Received job status event. JobState: Busy
[2024-07-18 11:56:06Z INFO MessageListener] _getMessagesTokenSource is already disposed.
[2024-07-18 11:56:06Z INFO Terminal] WRITE LINE: 2024-07-18 11:56:06Z: Running job: update-conf
[2024-07-18 11:56:06Z INFO JobDispatcher] Start renew job request 1 for job 96fdfcd3-7ef5-5e82-df4d-006ab21f14e7.
[2024-07-18 11:56:06Z INFO JobDispatcher] Successfully renew job request 1, job is valid till 7/18/2024 12:06:06PM
[2024-07-18 11:56:06Z INFO HostContext] Well known directory 'Bin': '/Users/upleveled/projects/ubuntu-linux-github-actions/actions-runner/bin'
[2024-07-18 11:56:06Z INFO ProcessInvokerWrapper] Starting process:
[2024-07-18 11:56:06Z INFO ProcessInvokerWrapper]   File name: '/Users/upleveled/projects/ubuntu-linux-github-actions/actions-runner/bin/Runner.Worker'
[2024-07-18 11:56:06Z INFO ProcessInvokerWrapper]   Arguments: 'spawnclient 107 110'
[2024-07-18 11:56:06Z INFO ProcessInvokerWrapper]   Working directory: '/Users/upleveled/projects/ubuntu-linux-github-actions/actions-runner/bin'
[2024-07-18 11:56:06Z INFO ProcessInvokerWrapper]   Require exit code zero: 'False'
[2024-07-18 11:56:06Z INFO ProcessInvokerWrapper]   Encoding web name:  ; code page: ''
[2024-07-18 11:56:06Z INFO ProcessInvokerWrapper]   Force kill process on cancellation: 'True'
[2024-07-18 11:56:06Z INFO ProcessInvokerWrapper]   Redirected STDIN: 'False'
[2024-07-18 11:56:06Z INFO ProcessInvokerWrapper]   Persist current code page: 'False'
[2024-07-18 11:56:06Z INFO ProcessInvokerWrapper]   Keep redirected STDIN open: 'False'
[2024-07-18 11:56:06Z INFO ProcessInvokerWrapper]   High priority process: 'True'
[2024-07-18 11:56:06Z INFO ProcessInvokerWrapper] Process started with process id 16525, waiting for process exit.
[2024-07-18 11:56:06Z INFO JobDispatcher] Send job request message to worker for job 96fdfcd3-7ef5-5e82-df4d-006ab21f14e7.
[2024-07-18 11:56:06Z INFO ProcessChannel] Sending message of length 24615, with hash 'c02fe8bd7d84c348094167edd5098541c67f037ec0a30f7ef40cdd2576308b38'
[2024-07-18 11:56:06Z INFO JobNotification] Entering JobStarted Notification
[2024-07-18 11:56:06Z INFO JobNotification] Entering StartMonitor
[2024-07-18 11:56:41Z INFO ProcessInvokerWrapper] STDOUT/STDERR stream read finished.
[2024-07-18 11:56:41Z INFO ProcessInvokerWrapper] STDOUT/STDERR stream read finished.
[2024-07-18 11:56:41Z INFO ProcessInvokerWrapper] Finished process 16525 with exit code 100, and elapsed time 00:00:34.4222519.
[2024-07-18 11:56:41Z INFO JobDispatcher] Worker finished for job 96fdfcd3-7ef5-5e82-df4d-006ab21f14e7. Code: 100
[2024-07-18 11:56:41Z INFO JobDispatcher] finish job request for job 96fdfcd3-7ef5-5e82-df4d-006ab21f14e7 with result: Succeeded
[2024-07-18 11:56:41Z INFO Terminal] WRITE LINE: 2024-07-18 11:56:41Z: Job update-conf completed with result: Succeeded
[2024-07-18 11:56:41Z INFO JobDispatcher] Stop renew job request for job 96fdfcd3-7ef5-5e82-df4d-006ab21f14e7.
[2024-07-18 11:56:41Z INFO JobDispatcher] job renew has been cancelled, stop renew job request 1.
[2024-07-18 11:56:41Z INFO JobNotification] Entering JobCompleted Notification
[2024-07-18 11:56:41Z INFO JobNotification] Entering EndMonitor
[2024-07-18 11:56:41Z INFO MessageListener] Received job status event. JobState: Online
[2024-07-18 11:56:41Z WARN GitHubActionsService] GET request to https://pipelinesghubeus11.actions.githubusercontent.com/gytf4YKzCCcYiPLR93WDNA1PtelAUNYTz6CZeFjAaZR1wxBFSQ/_apis/distributedtask/pools/1/messages?sessionId=c990b3a0-03a3-413b-b4d3-d135782697c9&lastMessageId=1&status=Busy&runnerVersion=2.317.0&os=macOS&architecture=ARM64&disableUpdate=false has been cancelled.
[2024-07-18 11:56:41Z INFO MessageListener] Get messages has been cancelled using local token source. Continue to get messages with new status.
[2024-07-18 12:11:56Z INFO Terminal] WRITE LINE: Exiting...
[2024-07-18 12:11:56Z INFO ConfigurationStore] IsServiceConfigured()
[2024-07-18 12:11:56Z INFO ConfigurationStore] IsServiceConfigured: False
[2024-07-18 12:11:56Z INFO HostContext] Runner will be shutdown for UserCancelled
[2024-07-18 12:11:56Z WARN GitHubActionsService] GET request to https://pipelinesghubeus11.actions.githubusercontent.com/gytf4YKzCCcYiPLR93WDNA1PtelAUNYTz6CZeFjAaZR1wxBFSQ/_apis/distributedtask/pools/1/messages?sessionId=c990b3a0-03a3-413b-b4d3-d135782697c9&lastMessageId=1&status=Online&runnerVersion=2.317.0&os=macOS&architecture=ARM64&disableUpdate=false has been cancelled.
[2024-07-18 12:11:56Z INFO MessageListener] Get next message has been cancelled.
[2024-07-18 12:11:56Z INFO JobDispatcher] Shutting down JobDispatcher. Make sure all WorkerDispatcher has finished.
[2024-07-18 12:11:56Z INFO JobDispatcher] Ensure WorkerDispatcher for job 96fdfcd3-7ef5-5e82-df4d-006ab21f14e7 run to finish, cancel any running job.
[2024-07-18 12:11:56Z INFO JobDispatcher] Job request 96fdfcd3-7ef5-5e82-df4d-006ab21f14e7 processed succeed.
[2024-07-18 12:11:56Z INFO Runner] Deleting Runner Session...
[2024-07-18 12:11:57Z INFO Listener] Runner execution been cancelled.
